[I 241205 07:15:04 consumers:67] WebSocket connection established.
[I 241205 07:15:04 consumers:158] Token 99926037: 24,669.95 +107.35 (+0.44%) sent to client.
[I 241205 07:15:04 consumers:158] Token 99926037: 24,668.80 +106.20 (+0.43%) sent to client.
[I 241205 07:15:05 consumers:158] Token 99926037: 24,666.95 +104.35 (+0.42%) sent to client.
[I 241205 07:15:05 consumers:158] Token 99926037: 24,667.15 +104.55 (+0.43%) sent to client.
[I 241205 07:15:06 consumers:158] Token 99926037: 24,668.50 +105.90 (+0.43%) sent to client.
[I 241205 07:15:06 consumers:169] WebSocket connection closed.
[W 241205 07:15:06 smartWebSocketV2:319] Attempting to resubscribe/reconnect (Attempt 1)...
[I 241205 07:15:16 consumers:67] WebSocket connection established.
[I 241205 07:15:16 consumers:158] Token 99926037: 24,675.10 +112.50 (+0.46%) sent to client.
[I 241205 07:15:17 consumers:158] Token 99926037: 24,673.20 +110.60 (+0.45%) sent to client.
[I 241205 07:15:17 consumers:158] Token 99926037: 24,672.70 +110.10 (+0.45%) sent to client.
[I 241205 07:15:18 consumers:158] Token 99926037: 24,672.80 +110.20 (+0.45%) sent to client.
[I 241205 07:15:18 consumers:158] Token 99926037: 24,671.70 +109.10 (+0.44%) sent to client.
[I 241205 07:15:19 consumers:158] Token 99926037: 24,672.75 +110.15 (+0.45%) sent to client.
[I 241205 07:15:19 consumers:158] Token 99926037: 24,674.20 +111.60 (+0.45%) sent to client.
[I 241205 07:15:20 consumers:158] Token 99926037: 24,673.50 +110.90 (+0.45%) sent to client.
[I 241205 07:15:20 consumers:158] Token 99926037: 24,672.55 +109.95 (+0.45%) sent to client.
[I 241205 07:15:21 consumers:158] Token 99926037: 24,670.30 +107.70 (+0.44%) sent to client.
[I 241205 07:15:21 consumers:158] Token 99926037: 24,670.15 +107.55 (+0.44%) sent to client.
[I 241205 07:15:22 consumers:158] Token 99926037: 24,669.85 +107.25 (+0.44%) sent to client.
[I 241205 07:15:22 consumers:158] Token 99926037: 24,669.45 +106.85 (+0.44%) sent to client.
[I 241205 07:15:23 consumers:158] Token 99926037: 24,667.60 +105.00 (+0.43%) sent to client.
[I 241205 07:15:23 consumers:158] Token 99926037: 24,668.40 +105.80 (+0.43%) sent to client.
[I 241205 07:15:24 consumers:158] Token 99926037: 24,667.75 +105.15 (+0.43%) sent to client.
[I 241205 07:15:24 consumers:158] Token 99926037: 24,666.20 +103.60 (+0.42%) sent to client.
[I 241205 07:15:25 consumers:158] Token 99926037: 24,666.00 +103.40 (+0.42%) sent to client.
[I 241205 07:15:25 consumers:158] Token 99926037: 24,667.30 +104.70 (+0.43%) sent to client.
[I 241205 07:15:26 consumers:158] Token 99926037: 24,666.75 +104.15 (+0.42%) sent to client.
[I 241205 07:15:26 consumers:158] Token 99926037: 24,665.05 +102.45 (+0.42%) sent to client.
[I 241205 07:15:27 consumers:158] Token 99926037: 24,665.70 +103.10 (+0.42%) sent to client.
[I 241205 07:15:27 consumers:158] Token 99926037: 24,665.40 +102.80 (+0.42%) sent to client.
[I 241205 07:15:28 consumers:158] Token 99926037: 24,664.55 +101.95 (+0.42%) sent to client.
[I 241205 07:15:28 consumers:158] Token 99926037: 24,665.15 +102.55 (+0.42%) sent to client.
[I 241205 07:15:29 consumers:158] Token 99926037: 24,663.65 +101.05 (+0.41%) sent to client.
[I 241205 07:15:29 consumers:158] Token 99926037: 24,664.30 +101.70 (+0.41%) sent to client.
[I 241205 07:15:30 consumers:158] Token 99926037: 24,664.75 +102.15 (+0.42%) sent to client.
[I 241205 07:15:30 consumers:158] Token 99926037: 24,665.45 +102.85 (+0.42%) sent to client.
[I 241205 07:15:31 consumers:158] Token 99926037: 24,664.00 +101.40 (+0.41%) sent to client.
[I 241205 07:15:31 consumers:158] Token 99926037: 24,663.25 +100.65 (+0.41%) sent to client.
[I 241205 07:15:32 consumers:158] Token 99926037: 24,662.15 +99.55 (+0.41%) sent to client.
[I 241205 07:15:32 consumers:158] Token 99926037: 24,661.30 +98.70 (+0.40%) sent to client.
[I 241205 07:15:33 consumers:158] Token 99926037: 24,662.25 +99.65 (+0.41%) sent to client.
[I 241205 07:15:33 consumers:158] Token 99926037: 24,663.70 +101.10 (+0.41%) sent to client.
[I 241205 07:15:34 consumers:158] Token 99926037: 24,663.80 +101.20 (+0.41%) sent to client.
[I 241205 07:15:34 consumers:158] Token 99926037: 24,663.30 +100.70 (+0.41%) sent to client.
[I 241205 07:15:35 consumers:158] Token 99926037: 24,663.75 +101.15 (+0.41%) sent to client.
[I 241205 07:15:35 consumers:158] Token 99926037: 24,664.45 +101.85 (+0.41%) sent to client.
[I 241205 07:15:36 consumers:158] Token 99926037: 24,664.65 +102.05 (+0.42%) sent to client.
[I 241205 07:15:36 consumers:158] Token 99926037: 24,666.20 +103.60 (+0.42%) sent to client.
[I 241205 07:15:37 consumers:158] Token 99926037: 24,663.60 +101.00 (+0.41%) sent to client.
[I 241205 07:15:37 consumers:158] Token 99926037: 24,663.55 +100.95 (+0.41%) sent to client.
[I 241205 07:15:38 consumers:158] Token 99926037: 24,663.85 +101.25 (+0.41%) sent to client.
[I 241205 07:15:38 consumers:158] Token 99926037: 24,662.85 +100.25 (+0.41%) sent to client.
[I 241205 07:15:39 consumers:158] Token 99926037: 24,663.55 +100.95 (+0.41%) sent to client.
[I 241205 07:15:39 consumers:158] Token 99926037: 24,662.00 +99.40 (+0.40%) sent to client.
[I 241205 07:15:40 consumers:158] Token 99926037: 24,662.25 +99.65 (+0.41%) sent to client.
[I 241205 07:15:40 consumers:158] Token 99926037: 24,662.20 +99.60 (+0.41%) sent to client.
[I 241205 07:15:41 consumers:158] Token 99926037: 24,662.90 +100.30 (+0.41%) sent to client.
[I 241205 07:15:41 consumers:158] Token 99926037: 24,663.80 +101.20 (+0.41%) sent to client.
[I 241205 07:15:42 consumers:158] Token 99926037: 24,661.95 +99.35 (+0.40%) sent to client.
[I 241205 07:15:42 consumers:158] Token 99926037: 24,662.70 +100.10 (+0.41%) sent to client.
[I 241205 07:15:43 consumers:158] Token 99926037: 24,662.55 +99.95 (+0.41%) sent to client.
[I 241205 07:15:43 consumers:158] Token 99926037: 24,663.90 +101.30 (+0.41%) sent to client.
[I 241205 07:15:44 consumers:158] Token 99926037: 24,663.60 +101.00 (+0.41%) sent to client.
[I 241205 07:15:44 consumers:158] Token 99926037: 24,662.65 +100.05 (+0.41%) sent to client.
[I 241205 07:15:45 consumers:158] Token 99926037: 24,662.55 +99.95 (+0.41%) sent to client.
[I 241205 07:15:45 consumers:158] Token 99926037: 24,663.60 +101.00 (+0.41%) sent to client.
[I 241205 07:15:46 consumers:158] Token 99926037: 24,663.80 +101.20 (+0.41%) sent to client.
[I 241205 07:15:46 consumers:158] Token 99926037: 24,665.65 +103.05 (+0.42%) sent to client.
[I 241205 07:15:47 consumers:158] Token 99926037: 24,665.35 +102.75 (+0.42%) sent to client.
[I 241205 07:15:47 consumers:158] Token 99926037: 24,661.95 +99.35 (+0.40%) sent to client.
[I 241205 07:15:48 consumers:158] Token 99926037: 24,663.95 +101.35 (+0.41%) sent to client.
[I 241205 07:15:48 consumers:158] Token 99926037: 24,663.40 +100.80 (+0.41%) sent to client.
[I 241205 07:15:49 consumers:158] Token 99926037: 24,664.50 +101.90 (+0.41%) sent to client.
[I 241205 07:15:49 consumers:158] Token 99926037: 24,664.15 +101.55 (+0.41%) sent to client.
[I 241205 07:15:50 consumers:158] Token 99926037: 24,664.70 +102.10 (+0.42%) sent to client.
[I 241205 07:15:50 consumers:158] Token 99926037: 24,665.65 +103.05 (+0.42%) sent to client.
[I 241205 07:15:51 consumers:158] Token 99926037: 24,665.75 +103.15 (+0.42%) sent to client.
[I 241205 07:15:51 consumers:158] Token 99926037: 24,665.65 +103.05 (+0.42%) sent to client.
[I 241205 07:15:52 consumers:158] Token 99926037: 24,665.00 +102.40 (+0.42%) sent to client.
[I 241205 07:15:52 consumers:158] Token 99926037: 24,664.85 +102.25 (+0.42%) sent to client.
[I 241205 07:15:53 consumers:158] Token 99926037: 24,663.95 +101.35 (+0.41%) sent to client.
[I 241205 07:15:53 consumers:158] Token 99926037: 24,665.05 +102.45 (+0.42%) sent to client.
[I 241205 07:15:53 consumers:67] WebSocket connection established.
[I 241205 07:15:53 consumers:158] Token 99926037: 24,665.05 +102.45 (+0.42%) sent to client.
[I 241205 07:15:54 consumers:158] Token 99926037: 24,666.55 +103.95 (+0.42%) sent to client.
[I 241205 07:15:54 consumers:158] Token 99926037: 24,666.55 +103.95 (+0.42%) sent to client.
[I 241205 07:15:54 consumers:158] Token 99926037: 24,663.00 +100.40 (+0.41%) sent to client.
[I 241205 07:15:54 consumers:158] Token 99926037: 24,663.00 +100.40 (+0.41%) sent to client.
[I 241205 07:15:55 consumers:158] Token 99926037: 24,661.95 +99.35 (+0.40%) sent to client.
[I 241205 07:15:55 consumers:158] Token 99926037: 24,661.95 +99.35 (+0.40%) sent to client.
[I 241205 07:15:55 consumers:158] Token 99926037: 24,662.15 +99.55 (+0.41%) sent to client.
[I 241205 07:15:55 consumers:158] Token 99926037: 24,662.15 +99.55 (+0.41%) sent to client.
[I 241205 07:15:56 consumers:169] WebSocket connection closed.
[I 241205 07:15:56 consumers:158] Token 99926037: 24,663.30 +100.70 (+0.41%) sent to client.
[I 241205 07:15:56 consumers:158] Token 99926037: 24,663.30 +100.70 (+0.41%) sent to client.
[W 241205 07:15:56 smartWebSocketV2:319] Attempting to resubscribe/reconnect (Attempt 1)...
[I 241205 07:15:56 consumers:158] Token 99926037: 24,663.10 +100.50 (+0.41%) sent to client.
[I 241205 07:15:57 consumers:158] Token 99926037: 24,662.25 +99.65 (+0.41%) sent to client.
[I 241205 07:15:57 consumers:158] Token 99926037: 24,661.10 +98.50 (+0.40%) sent to client.
[I 241205 07:15:58 consumers:158] Token 99926037: 24,658.95 +96.35 (+0.39%) sent to client.
[I 241205 07:15:58 consumers:158] Token 99926037: 24,660.45 +97.85 (+0.40%) sent to client.
[I 241205 07:15:59 consumers:158] Token 99926037: 24,658.70 +96.10 (+0.39%) sent to client.
[I 241205 07:15:59 consumers:158] Token 99926037: 24,657.70 +95.10 (+0.39%) sent to client.
[I 241205 07:16:00 consumers:158] Token 99926037: 24,658.05 +95.45 (+0.39%) sent to client.
[I 241205 07:16:00 consumers:158] Token 99926037: 24,658.95 +96.35 (+0.39%) sent to client.
[I 241205 07:16:01 consumers:158] Token 99926037: 24,658.65 +96.05 (+0.39%) sent to client.
[I 241205 07:16:01 consumers:158] Token 99926037: 24,657.65 +95.05 (+0.39%) sent to client.
[I 241205 07:16:02 consumers:158] Token 99926037: 24,657.45 +94.85 (+0.39%) sent to client.
[I 241205 07:16:02 consumers:158] Token 99926037: 24,659.95 +97.35 (+0.40%) sent to client.
[I 241205 07:16:03 consumers:158] Token 99926037: 24,660.00 +97.40 (+0.40%) sent to client.
[I 241205 07:16:03 consumers:158] Token 99926037: 24,661.35 +98.75 (+0.40%) sent to client.
[I 241205 07:16:04 consumers:158] Token 99926037: 24,660.90 +98.30 (+0.40%) sent to client.
[I 241205 07:16:04 consumers:158] Token 99926037: 24,660.50 +97.90 (+0.40%) sent to client.
[I 241205 07:16:05 consumers:158] Token 99926037: 24,660.10 +97.50 (+0.40%) sent to client.
[I 241205 07:16:05 consumers:158] Token 99926037: 24,659.95 +97.35 (+0.40%) sent to client.
[I 241205 07:16:06 consumers:158] Token 99926037: 24,661.25 +98.65 (+0.40%) sent to client.
[I 241205 07:16:06 consumers:67] WebSocket connection established.
[I 241205 07:16:06 consumers:158] Token 99926037: 24,661.25 +98.65 (+0.40%) sent to client.
[I 241205 07:16:06 consumers:158] Token 99926037: 24,654.65 +92.05 (+0.37%) sent to client.
[I 241205 07:16:06 consumers:158] Token 99926037: 24,654.65 +92.05 (+0.37%) sent to client.
[I 241205 07:16:07 consumers:158] Token 99926037: 24,653.90 +91.30 (+0.37%) sent to client.
[I 241205 07:16:07 consumers:158] Token 99926037: 24,653.90 +91.30 (+0.37%) sent to client.
[I 241205 07:16:07 consumers:158] Token 99926037: 24,654.25 +91.65 (+0.37%) sent to client.
[I 241205 07:16:07 consumers:158] Token 99926037: 24,654.25 +91.65 (+0.37%) sent to client.
[I 241205 07:16:08 consumers:158] Token 99926037: 24,654.35 +91.75 (+0.37%) sent to client.
[I 241205 07:16:08 consumers:158] Token 99926037: 24,654.35 +91.75 (+0.37%) sent to client.
[I 241205 07:16:08 consumers:158] Token 99926037: 24,652.10 +89.50 (+0.36%) sent to client.
[I 241205 07:16:08 consumers:158] Token 99926037: 24,652.10 +89.50 (+0.36%) sent to client.
[I 241205 07:16:09 consumers:158] Token 99926037: 24,652.80 +90.20 (+0.37%) sent to client.
[I 241205 07:16:09 consumers:158] Token 99926037: 24,652.80 +90.20 (+0.37%) sent to client.
[I 241205 07:16:09 consumers:158] Token 99926037: 24,650.90 +88.30 (+0.36%) sent to client.
[I 241205 07:16:09 consumers:158] Token 99926037: 24,650.90 +88.30 (+0.36%) sent to client.
[I 241205 07:16:10 consumers:158] Token 99926037: 24,651.55 +88.95 (+0.36%) sent to client.
[I 241205 07:16:10 consumers:158] Token 99926037: 24,651.55 +88.95 (+0.36%) sent to client.
[I 241205 07:16:10 consumers:158] Token 99926037: 24,652.70 +90.10 (+0.37%) sent to client.
[I 241205 07:16:10 consumers:158] Token 99926037: 24,652.70 +90.10 (+0.37%) sent to client.
[I 241205 07:16:11 consumers:158] Token 99926037: 24,652.50 +89.90 (+0.37%) sent to client.
[I 241205 07:16:11 consumers:158] Token 99926037: 24,652.50 +89.90 (+0.37%) sent to client.
[I 241205 07:16:11 consumers:158] Token 99926037: 24,650.75 +88.15 (+0.36%) sent to client.
[I 241205 07:16:11 consumers:158] Token 99926037: 24,650.75 +88.15 (+0.36%) sent to client.
[I 241205 07:16:12 consumers:158] Token 99926037: 24,650.60 +88.00 (+0.36%) sent to client.
[I 241205 07:16:12 consumers:158] Token 99926037: 24,650.60 +88.00 (+0.36%) sent to client.
[I 241205 07:16:12 consumers:158] Token 99926037: 24,654.10 +91.50 (+0.37%) sent to client.
[I 241205 07:16:12 consumers:158] Token 99926037: 24,654.10 +91.50 (+0.37%) sent to client.
[I 241205 07:16:13 consumers:158] Token 99926037: 24,653.10 +90.50 (+0.37%) sent to client.
[I 241205 07:16:13 consumers:158] Token 99926037: 24,653.10 +90.50 (+0.37%) sent to client.
[I 241205 07:16:13 consumers:158] Token 99926037: 24,652.95 +90.35 (+0.37%) sent to client.
[I 241205 07:16:13 consumers:158] Token 99926037: 24,652.95 +90.35 (+0.37%) sent to client.
[I 241205 07:16:14 consumers:158] Token 99926037: 24,653.15 +90.55 (+0.37%) sent to client.
[I 241205 07:16:14 consumers:158] Token 99926037: 24,653.15 +90.55 (+0.37%) sent to client.
[I 241205 07:16:14 consumers:158] Token 99926037: 24,651.25 +88.65 (+0.36%) sent to client.
[I 241205 07:16:14 consumers:158] Token 99926037: 24,651.25 +88.65 (+0.36%) sent to client.
[I 241205 07:16:15 consumers:158] Token 99926037: 24,652.80 +90.20 (+0.37%) sent to client.
[I 241205 07:16:15 consumers:158] Token 99926037: 24,652.80 +90.20 (+0.37%) sent to client.
[I 241205 07:16:15 consumers:158] Token 99926037: 24,653.00 +90.40 (+0.37%) sent to client.
[I 241205 07:16:15 consumers:158] Token 99926037: 24,653.00 +90.40 (+0.37%) sent to client.
[I 241205 07:16:16 consumers:158] Token 99926037: 24,652.70 +90.10 (+0.37%) sent to client.
[I 241205 07:16:16 consumers:158] Token 99926037: 24,652.70 +90.10 (+0.37%) sent to client.
[I 241205 07:16:16 consumers:158] Token 99926037: 24,652.80 +90.20 (+0.37%) sent to client.
[I 241205 07:16:16 consumers:158] Token 99926037: 24,652.80 +90.20 (+0.37%) sent to client.
[I 241205 07:16:17 consumers:158] Token 99926037: 24,652.55 +89.95 (+0.37%) sent to client.
[I 241205 07:16:17 consumers:158] Token 99926037: 24,652.55 +89.95 (+0.37%) sent to client.
[I 241205 07:16:17 consumers:158] Token 99926037: 24,652.25 +89.65 (+0.36%) sent to client.
[I 241205 07:16:17 consumers:158] Token 99926037: 24,652.25 +89.65 (+0.36%) sent to client.
[I 241205 07:16:18 consumers:158] Token 99926037: 24,653.40 +90.80 (+0.37%) sent to client.
[I 241205 07:16:18 consumers:158] Token 99926037: 24,653.40 +90.80 (+0.37%) sent to client.
[I 241205 07:16:18 consumers:158] Token 99926037: 24,653.95 +91.35 (+0.37%) sent to client.
[I 241205 07:16:18 consumers:158] Token 99926037: 24,653.95 +91.35 (+0.37%) sent to client.
[I 241205 07:16:19 consumers:158] Token 99926037: 24,652.60 +90.00 (+0.37%) sent to client.
[I 241205 07:16:19 consumers:158] Token 99926037: 24,652.60 +90.00 (+0.37%) sent to client.
[I 241205 07:16:19 consumers:158] Token 99926037: 24,654.35 +91.75 (+0.37%) sent to client.
[I 241205 07:16:19 consumers:158] Token 99926037: 24,654.35 +91.75 (+0.37%) sent to client.
[I 241205 07:16:20 consumers:158] Token 99926037: 24,654.65 +92.05 (+0.37%) sent to client.
[I 241205 07:16:20 consumers:158] Token 99926037: 24,654.65 +92.05 (+0.37%) sent to client.
[I 241205 07:16:20 consumers:158] Token 99926037: 24,653.10 +90.50 (+0.37%) sent to client.
[I 241205 07:16:20 consumers:158] Token 99926037: 24,653.10 +90.50 (+0.37%) sent to client.
[I 241205 07:16:21 consumers:158] Token 99926037: 24,653.35 +90.75 (+0.37%) sent to client.
[I 241205 07:16:21 consumers:158] Token 99926037: 24,653.35 +90.75 (+0.37%) sent to client.
[I 241205 07:16:21 consumers:158] Token 99926037: 24,654.30 +91.70 (+0.37%) sent to client.
[I 241205 07:16:21 consumers:158] Token 99926037: 24,654.30 +91.70 (+0.37%) sent to client.
[I 241205 07:16:22 consumers:158] Token 99926037: 24,653.80 +91.20 (+0.37%) sent to client.
[I 241205 07:16:22 consumers:158] Token 99926037: 24,653.80 +91.20 (+0.37%) sent to client.
[I 241205 07:16:22 consumers:158] Token 99926037: 24,657.40 +94.80 (+0.39%) sent to client.
[I 241205 07:16:22 consumers:158] Token 99926037: 24,657.40 +94.80 (+0.39%) sent to client.
[I 241205 07:16:23 consumers:158] Token 99926037: 24,656.20 +93.60 (+0.38%) sent to client.
[I 241205 07:16:23 consumers:158] Token 99926037: 24,656.20 +93.60 (+0.38%) sent to client.
[I 241205 07:16:23 consumers:158] Token 99926037: 24,657.85 +95.25 (+0.39%) sent to client.
[I 241205 07:16:23 consumers:158] Token 99926037: 24,657.85 +95.25 (+0.39%) sent to client.
[I 241205 07:16:24 consumers:158] Token 99926037: 24,654.45 +91.85 (+0.37%) sent to client.
[I 241205 07:16:24 consumers:158] Token 99926037: 24,654.45 +91.85 (+0.37%) sent to client.
[I 241205 07:16:24 consumers:158] Token 99926037: 24,653.05 +90.45 (+0.37%) sent to client.
[I 241205 07:16:24 consumers:158] Token 99926037: 24,653.05 +90.45 (+0.37%) sent to client.
[I 241205 07:16:25 consumers:158] Token 99926037: 24,653.80 +91.20 (+0.37%) sent to client.
[I 241205 07:16:25 consumers:158] Token 99926037: 24,653.80 +91.20 (+0.37%) sent to client.
[I 241205 07:16:25 consumers:158] Token 99926037: 24,653.60 +91.00 (+0.37%) sent to client.
[I 241205 07:16:25 consumers:158] Token 99926037: 24,653.60 +91.00 (+0.37%) sent to client.
[I 241205 07:16:26 consumers:158] Token 99926037: 24,653.30 +90.70 (+0.37%) sent to client.
[I 241205 07:16:26 consumers:158] Token 99926037: 24,653.30 +90.70 (+0.37%) sent to client.
[I 241205 07:16:26 consumers:158] Token 99926037: 24,653.55 +90.95 (+0.37%) sent to client.
[I 241205 07:16:26 consumers:158] Token 99926037: 24,653.55 +90.95 (+0.37%) sent to client.
[I 241205 07:16:27 consumers:158] Token 99926037: 24,654.00 +91.40 (+0.37%) sent to client.
[I 241205 07:16:27 consumers:158] Token 99926037: 24,654.00 +91.40 (+0.37%) sent to client.
[I 241205 07:16:27 consumers:158] Token 99926037: 24,653.20 +90.60 (+0.37%) sent to client.
[I 241205 07:16:27 consumers:158] Token 99926037: 24,653.20 +90.60 (+0.37%) sent to client.
[I 241205 07:16:28 consumers:158] Token 99926037: 24,653.20 +90.60 (+0.37%) sent to client.
[I 241205 07:16:28 consumers:158] Token 99926037: 24,653.20 +90.60 (+0.37%) sent to client.
[I 241205 07:16:28 consumers:158] Token 99926037: 24,653.60 +91.00 (+0.37%) sent to client.
[I 241205 07:16:28 consumers:158] Token 99926037: 24,653.60 +91.00 (+0.37%) sent to client.
[I 241205 07:16:29 consumers:158] Token 99926037: 24,653.45 +90.85 (+0.37%) sent to client.
[I 241205 07:16:29 consumers:158] Token 99926037: 24,653.45 +90.85 (+0.37%) sent to client.
[I 241205 07:16:29 consumers:158] Token 99926037: 24,653.25 +90.65 (+0.37%) sent to client.
[I 241205 07:16:29 consumers:158] Token 99926037: 24,653.25 +90.65 (+0.37%) sent to client.
[I 241205 07:16:30 consumers:158] Token 99926037: 24,650.70 +88.10 (+0.36%) sent to client.
[I 241205 07:16:30 consumers:158] Token 99926037: 24,650.70 +88.10 (+0.36%) sent to client.
[I 241205 07:16:30 consumers:158] Token 99926037: 24,653.35 +90.75 (+0.37%) sent to client.
[I 241205 07:16:30 consumers:158] Token 99926037: 24,653.35 +90.75 (+0.37%) sent to client.
[I 241205 07:16:31 consumers:158] Token 99926037: 24,652.30 +89.70 (+0.37%) sent to client.
[I 241205 07:16:31 consumers:158] Token 99926037: 24,652.30 +89.70 (+0.37%) sent to client.
[I 241205 07:16:31 consumers:158] Token 99926037: 24,653.40 +90.80 (+0.37%) sent to client.
[I 241205 07:16:31 consumers:158] Token 99926037: 24,653.40 +90.80 (+0.37%) sent to client.
[I 241205 07:16:32 consumers:158] Token 99926037: 24,653.95 +91.35 (+0.37%) sent to client.
[I 241205 07:16:32 consumers:158] Token 99926037: 24,653.95 +91.35 (+0.37%) sent to client.
[I 241205 07:16:32 consumers:158] Token 99926037: 24,653.85 +91.25 (+0.37%) sent to client.
[I 241205 07:16:32 consumers:158] Token 99926037: 24,653.85 +91.25 (+0.37%) sent to client.
[I 241205 07:16:33 consumers:158] Token 99926037: 24,655.50 +92.90 (+0.38%) sent to client.
[I 241205 07:16:33 consumers:158] Token 99926037: 24,655.50 +92.90 (+0.38%) sent to client.
[I 241205 07:16:33 consumers:158] Token 99926037: 24,657.30 +94.70 (+0.39%) sent to client.
[I 241205 07:16:33 consumers:158] Token 99926037: 24,657.30 +94.70 (+0.39%) sent to client.
[I 241205 07:16:34 consumers:158] Token 99926037: 24,658.15 +95.55 (+0.39%) sent to client.
[I 241205 07:16:34 consumers:158] Token 99926037: 24,658.15 +95.55 (+0.39%) sent to client.
[I 241205 07:16:34 consumers:158] Token 99926037: 24,656.95 +94.35 (+0.38%) sent to client.
[I 241205 07:16:34 consumers:158] Token 99926037: 24,656.95 +94.35 (+0.38%) sent to client.
[I 241205 07:16:35 consumers:158] Token 99926037: 24,656.50 +93.90 (+0.38%) sent to client.
[I 241205 07:16:35 consumers:158] Token 99926037: 24,656.50 +93.90 (+0.38%) sent to client.
[I 241205 07:16:35 consumers:158] Token 99926037: 24,656.25 +93.65 (+0.38%) sent to client.
[I 241205 07:16:35 consumers:158] Token 99926037: 24,656.25 +93.65 (+0.38%) sent to client.
[I 241205 07:16:36 consumers:158] Token 99926037: 24,657.35 +94.75 (+0.39%) sent to client.
[I 241205 07:16:36 consumers:158] Token 99926037: 24,657.35 +94.75 (+0.39%) sent to client.
[I 241205 07:16:36 consumers:158] Token 99926037: 24,655.75 +93.15 (+0.38%) sent to client.
[I 241205 07:16:36 consumers:158] Token 99926037: 24,655.75 +93.15 (+0.38%) sent to client.
[I 241205 07:16:37 consumers:158] Token 99926037: 24,656.45 +93.85 (+0.38%) sent to client.
[I 241205 07:16:37 consumers:158] Token 99926037: 24,656.45 +93.85 (+0.38%) sent to client.
[I 241205 07:16:37 consumers:158] Token 99926037: 24,656.15 +93.55 (+0.38%) sent to client.
[I 241205 07:16:37 consumers:158] Token 99926037: 24,656.15 +93.55 (+0.38%) sent to client.
[W 241205 12:36:17 smartWebSocketV2:319] Attempting to resubscribe/reconnect (Attempt 1)...
[E 241205 12:36:27 consumers:259] WebSocket error: Connection closed
[W 241205 12:36:27 smartWebSocketV2:343] Connection closed due to max retry attempts reached.
[E 241205 12:36:27 consumers:259] WebSocket error: Connection closed
[W 241205 12:36:27 smartWebSocketV2:343] Connection closed due to max retry attempts reached.
[E 241205 12:36:27 consumers:259] WebSocket error: Connection closed
[W 241205 12:36:27 smartWebSocketV2:343] Connection closed due to max retry attempts reached.
