default_from_email>>>>>> no-reply@algoview.in
Current Date: 2025-02-13
Updated 1 expired client(s) to expired status.
Updated 6 non-expired client(s) to active status.
default_from_email>>>>>> no-reply@algoview.in
Current Date: 2025-02-13
Updated 0 expired client(s) to expired status.
Updated 8 non-expired client(s) to active status.
default_from_email>>>>>> no-reply@algoview.in
Current Date: 2025-02-13
Updated 0 expired client(s) to expired status.
Updated 8 non-expired client(s) to active status.
default_from_email>>>>>> no-reply@algoview.in
Current Date: 2025-02-13
Updated 0 expired client(s) to expired status.
Updated 8 non-expired client(s) to active status.
default_from_email>>>>>> no-reply@algoview.in
Current Date: 2025-02-13
Updated 0 expired client(s) to expired status.
Updated 8 non-expired client(s) to active status.
Traceback (most recent call last):
  File "/home/ubuntu/Backend/AlgoView-Devlopment/Backend/manage.py", line 22, in <module>
    main()
  File "/home/ubuntu/Backend/AlgoView-Devlopment/Backend/manage.py", line 18, in main
    execute_from_command_line(sys.argv)
  File "/home/ubuntu/Backend/AlgoView-Devlopment/Backend/.envr/lib/python3.10/site-packages/django/core/management/__init__.py", line 442, in execute_from_command_line
    utility.execute()
  File "/home/ubuntu/Backend/AlgoView-Devlopment/Backend/.envr/lib/python3.10/site-packages/django/core/management/__init__.py", line 382, in execute
    settings.INSTALLED_APPS
  File "/home/ubuntu/Backend/AlgoView-Devlopment/Backend/.envr/lib/python3.10/site-packages/django/conf/__init__.py", line 102, in __getattr__
    self._setup(name)
  File "/home/ubuntu/Backend/AlgoView-Devlopment/Backend/.envr/lib/python3.10/site-packages/django/conf/__init__.py", line 89, in _setup
    self._wrapped = Settings(settings_module)
  File "/home/ubuntu/Backend/AlgoView-Devlopment/Backend/.envr/lib/python3.10/site-packages/django/conf/__init__.py", line 217, in __init__
    mod = importlib.import_module(self.SETTINGS_MODULE)
  File "/usr/lib/python3.10/importlib/__init__.py", line 126, in import_module
    return _bootstrap._gcd_import(name[level:], package, level)
  File "<frozen importlib._bootstrap>", line 1050, in _gcd_import
  File "<frozen importlib._bootstrap>", line 1027, in _find_and_load
  File "<frozen importlib._bootstrap>", line 1006, in _find_and_load_unlocked
  File "<frozen importlib._bootstrap>", line 688, in _load_unlocked
  File "<frozen importlib._bootstrap_external>", line 879, in exec_module
  File "<frozen importlib._bootstrap_external>", line 1017, in get_code
  File "<frozen importlib._bootstrap_external>", line 947, in source_to_code
  File "<frozen importlib._bootstrap>", line 241, in _call_with_frames_removed
  File "/home/ubuntu/Backend/AlgoView-Devlopment/Backend/algoview/settings.py", line 37
    CSRF_TRUSTED_ORIGINS = [
IndentationError: unexpected indent
default_from_email>>>>>> no-reply@algoview.in
Current Date: 2025-02-13
Updated 0 expired client(s) to expired status.
Updated 8 non-expired client(s) to active status.
default_from_email>>>>>> no-reply@algoview.in
Current Date: 2025-02-13
Updated 0 expired client(s) to expired status.
Updated 8 non-expired client(s) to active status.
default_from_email>>>>>> no-reply@algoview.in
Current Date: 2025-02-13
Updated 0 expired client(s) to expired status.
Updated 8 non-expired client(s) to active status.
default_from_email>>>>>> no-reply@algoview.in
Current Date: 2025-02-13
Updated 0 expired client(s) to expired status.
Updated 8 non-expired client(s) to active status.
default_from_email>>>>>> no-reply@algoview.in
Current Date: 2025-02-13
Updated 0 expired client(s) to expired status.
Updated 8 non-expired client(s) to active status.
default_from_email>>>>>> no-reply@algoview.in
Current Date: 2025-02-13
Updated 0 expired client(s) to expired status.
Updated 8 non-expired client(s) to active status.
default_from_email>>>>>> no-reply@algoview.in
Current Date: 2025-02-13
Updated 0 expired client(s) to expired status.
Updated 8 non-expired client(s) to active status.
default_from_email>>>>>> no-reply@algoview.in
Current Date: 2025-02-13
Updated 0 expired client(s) to expired status.
Updated 8 non-expired client(s) to active status.
default_from_email>>>>>> no-reply@algoview.in
Current Date: 2025-02-13
Updated 0 expired client(s) to expired status.
Updated 8 non-expired client(s) to active status.
default_from_email>>>>>> no-reply@algoview.in
Current Date: 2025-02-13
Updated 0 expired client(s) to expired status.
Updated 8 non-expired client(s) to active status.
default_from_email>>>>>> no-reply@algoview.in
Current Date: 2025-02-13
Updated 0 expired client(s) to expired status.
Updated 8 non-expired client(s) to active status.
default_from_email>>>>>> no-reply@algoview.in
Current Date: 2025-02-13
Updated 0 expired client(s) to expired status.
Updated 8 non-expired client(s) to active status.
default_from_email>>>>>> no-reply@algoview.in
Current Date: 2025-02-13
Updated 0 expired client(s) to expired status.
Updated 8 non-expired client(s) to active status.
default_from_email>>>>>> no-reply@algoview.in
Current Date: 2025-02-13
Updated 0 expired client(s) to expired status.
Updated 8 non-expired client(s) to active status.
default_from_email>>>>>> no-reply@algoview.in
Current Date: 2025-02-13
Updated 0 expired client(s) to expired status.
Updated 8 non-expired client(s) to active status.
default_from_email>>>>>> no-reply@algoview.in
Current Date: 2025-02-13
Updated 0 expired client(s) to expired status.
Updated 8 non-expired client(s) to active status.
